[2026-07-16T09:35:41.384Z] [INFO] Scheduled task: Full anatomy rescan (0 */6 * * *)
[2026-07-16T09:35:41.385Z] [INFO] Scheduled task: Consolidate old memory (0 2 * * *)
[2026-07-16T09:35:41.385Z] [INFO] Scheduled task: Token audit report (0 0 * * 1)
[2026-07-16T09:35:41.385Z] [INFO] Scheduled task: Cerebrum reflection (0 3 * * 0)
[2026-07-16T09:35:41.385Z] [INFO] Scheduled task: AI suggestions (0 4 * * 1)
[2026-07-16T09:35:41.386Z] [INFO] File watcher started on .wolf/
[2026-07-16T09:35:41.386Z] [INFO] OpenWolf daemon started
[2026-07-16T09:35:41.386Z] [INFO] Dashboard server listening on port 18791
[2026-07-16T09:35:41.460Z] [INFO] Scheduled task: Full anatomy rescan (0 */6 * * *)
[2026-07-16T09:35:41.460Z] [INFO] Scheduled task: Consolidate old memory (0 2 * * *)
[2026-07-16T09:35:41.460Z] [INFO] Scheduled task: Token audit report (0 0 * * 1)
[2026-07-16T09:35:41.461Z] [INFO] Scheduled task: Cerebrum reflection (0 3 * * 0)
[2026-07-16T09:35:41.461Z] [INFO] Scheduled task: AI suggestions (0 4 * * 1)
[2026-07-16T09:35:41.461Z] [INFO] File watcher started on .wolf/
[2026-07-16T09:35:41.461Z] [INFO] OpenWolf daemon started
[2026-07-16T09:35:41.461Z] [INFO] Dashboard server listening on port 18791
[2026-07-16T09:35:41.534Z] [INFO] Scheduled task: Full anatomy rescan (0 */6 * * *)
[2026-07-16T09:35:41.534Z] [INFO] Scheduled task: Consolidate old memory (0 2 * * *)
[2026-07-16T09:35:41.535Z] [INFO] Scheduled task: Token audit report (0 0 * * 1)
[2026-07-16T09:35:41.535Z] [INFO] Scheduled task: Cerebrum reflection (0 3 * * 0)
[2026-07-16T09:35:41.535Z] [INFO] Scheduled task: AI suggestions (0 4 * * 1)
[2026-07-16T09:35:41.535Z] [INFO] File watcher started on .wolf/
[2026-07-16T09:35:41.536Z] [INFO] OpenWolf daemon started
[2026-07-16T09:35:41.536Z] [INFO] Dashboard server listening on port 18791
[2026-07-16T09:35:41.606Z] [INFO] Scheduled task: Full anatomy rescan (0 */6 * * *)
[2026-07-16T09:35:41.607Z] [INFO] Scheduled task: Consolidate old memory (0 2 * * *)
[2026-07-16T09:35:41.607Z] [INFO] Scheduled task: Token audit report (0 0 * * 1)
[2026-07-16T09:35:41.607Z] [INFO] Scheduled task: Cerebrum reflection (0 3 * * 0)
[2026-07-16T09:35:41.607Z] [INFO] Scheduled task: AI suggestions (0 4 * * 1)
[2026-07-16T09:35:41.608Z] [INFO] File watcher started on .wolf/
[2026-07-16T09:35:41.608Z] [INFO] OpenWolf daemon started
[2026-07-16T09:35:41.608Z] [INFO] Dashboard server listening on port 18791
[2026-07-16T09:35:41.680Z] [INFO] Scheduled task: Full anatomy rescan (0 */6 * * *)
[2026-07-16T09:35:41.681Z] [INFO] Scheduled task: Consolidate old memory (0 2 * * *)
[2026-07-16T09:35:41.681Z] [INFO] Scheduled task: Token audit report (0 0 * * 1)
[2026-07-16T09:35:41.681Z] [INFO] Scheduled task: Cerebrum reflection (0 3 * * 0)
[2026-07-16T09:35:41.681Z] [INFO] Scheduled task: AI suggestions (0 4 * * 1)
[2026-07-16T09:35:41.681Z] [INFO] File watcher started on .wolf/
[2026-07-16T09:35:41.682Z] [INFO] OpenWolf daemon started
[2026-07-16T09:35:41.682Z] [INFO] Dashboard server listening on port 18791
[2026-07-16T09:35:41.752Z] [INFO] Scheduled task: Full anatomy rescan (0 */6 * * *)
[2026-07-16T09:35:41.752Z] [INFO] Scheduled task: Consolidate old memory (0 2 * * *)
[2026-07-16T09:35:41.753Z] [INFO] Scheduled task: Token audit report (0 0 * * 1)
[2026-07-16T09:35:41.753Z] [INFO] Scheduled task: Cerebrum reflection (0 3 * * 0)
[2026-07-16T09:35:41.753Z] [INFO] Scheduled task: AI suggestions (0 4 * * 1)
[2026-07-16T09:35:41.753Z] [INFO] File watcher started on .wolf/
[2026-07-16T09:35:41.754Z] [INFO] OpenWolf daemon started
[2026-07-16T09:35:41.754Z] [INFO] Dashboard server listening on port 18791
[2026-07-16T09:35:41.825Z] [INFO] Scheduled task: Full anatomy rescan (0 */6 * * *)
[2026-07-16T09:35:41.825Z] [INFO] Scheduled task: Consolidate old memory (0 2 * * *)
[2026-07-16T09:35:41.825Z] [INFO] Scheduled task: Token audit report (0 0 * * 1)
[2026-07-16T09:35:41.826Z] [INFO] Scheduled task: Cerebrum reflection (0 3 * * 0)
[2026-07-16T09:35:41.826Z] [INFO] Scheduled task: AI suggestions (0 4 * * 1)
[2026-07-16T09:35:41.826Z] [INFO] File watcher started on .wolf/
[2026-07-16T09:35:41.826Z] [INFO] OpenWolf daemon started
[2026-07-16T09:35:41.827Z] [INFO] Dashboard server listening on port 18791
[2026-07-16T09:35:41.898Z] [INFO] Scheduled task: Full anatomy rescan (0 */6 * * *)
[2026-07-16T09:35:41.899Z] [INFO] Scheduled task: Consolidate old memory (0 2 * * *)
[2026-07-16T09:35:41.899Z] [INFO] Scheduled task: Token audit report (0 0 * * 1)
[2026-07-16T09:35:41.899Z] [INFO] Scheduled task: Cerebrum reflection (0 3 * * 0)
[2026-07-16T09:35:41.899Z] [INFO] Scheduled task: AI suggestions (0 4 * * 1)
[2026-07-16T09:35:41.899Z] [INFO] File watcher started on .wolf/
[2026-07-16T09:35:41.900Z] [INFO] OpenWolf daemon started
[2026-07-16T09:35:41.900Z] [INFO] Dashboard server listening on port 18791
[2026-07-16T09:35:41.972Z] [INFO] Scheduled task: Full anatomy rescan (0 */6 * * *)
[2026-07-16T09:35:41.973Z] [INFO] Scheduled task: Consolidate old memory (0 2 * * *)
[2026-07-16T09:35:41.973Z] [INFO] Scheduled task: Token audit report (0 0 * * 1)
[2026-07-16T09:35:41.973Z] [INFO] Scheduled task: Cerebrum reflection (0 3 * * 0)
[2026-07-16T09:35:41.973Z] [INFO] Scheduled task: AI suggestions (0 4 * * 1)
[2026-07-16T09:35:41.974Z] [INFO] File watcher started on .wolf/
[2026-07-16T09:35:41.974Z] [INFO] OpenWolf daemon started
[2026-07-16T09:35:41.974Z] [INFO] Dashboard server listening on port 18791
[2026-07-16T09:35:42.046Z] [INFO] Scheduled task: Full anatomy rescan (0 */6 * * *)
[2026-07-16T09:35:42.047Z] [INFO] Scheduled task: Consolidate old memory (0 2 * * *)
[2026-07-16T09:35:42.047Z] [INFO] Scheduled task: Token audit report (0 0 * * 1)
[2026-07-16T09:35:42.047Z] [INFO] Scheduled task: Cerebrum reflection (0 3 * * 0)
[2026-07-16T09:35:42.047Z] [INFO] Scheduled task: AI suggestions (0 4 * * 1)
[2026-07-16T09:35:42.047Z] [INFO] File watcher started on .wolf/
[2026-07-16T09:35:42.048Z] [INFO] OpenWolf daemon started
[2026-07-16T09:35:42.048Z] [INFO] Dashboard server listening on port 18791
[2026-07-16T09:35:42.120Z] [INFO] Scheduled task: Full anatomy rescan (0 */6 * * *)
[2026-07-16T09:35:42.120Z] [INFO] Scheduled task: Consolidate old memory (0 2 * * *)
[2026-07-16T09:35:42.120Z] [INFO] Scheduled task: Token audit report (0 0 * * 1)
[2026-07-16T09:35:42.121Z] [INFO] Scheduled task: Cerebrum reflection (0 3 * * 0)
[2026-07-16T09:35:42.121Z] [INFO] Scheduled task: AI suggestions (0 4 * * 1)
[2026-07-16T09:35:42.121Z] [INFO] File watcher started on .wolf/
[2026-07-16T09:35:42.121Z] [INFO] OpenWolf daemon started
[2026-07-16T09:35:42.121Z] [INFO] Dashboard server listening on port 18791
[2026-07-16T09:35:42.193Z] [INFO] Scheduled task: Full anatomy rescan (0 */6 * * *)
[2026-07-16T09:35:42.193Z] [INFO] Scheduled task: Consolidate old memory (0 2 * * *)
[2026-07-16T09:35:42.193Z] [INFO] Scheduled task: Token audit report (0 0 * * 1)
[2026-07-16T09:35:42.193Z] [INFO] Scheduled task: Cerebrum reflection (0 3 * * 0)
[2026-07-16T09:35:42.193Z] [INFO] Scheduled task: AI suggestions (0 4 * * 1)
[2026-07-16T09:35:42.194Z] [INFO] File watcher started on .wolf/
[2026-07-16T09:35:42.194Z] [INFO] OpenWolf daemon started
[2026-07-16T09:35:42.194Z] [INFO] Dashboard server listening on port 18791
[2026-07-16T09:35:42.264Z] [INFO] Scheduled task: Full anatomy rescan (0 */6 * * *)
[2026-07-16T09:35:42.265Z] [INFO] Scheduled task: Consolidate old memory (0 2 * * *)
[2026-07-16T09:35:42.265Z] [INFO] Scheduled task: Token audit report (0 0 * * 1)
[2026-07-16T09:35:42.265Z] [INFO] Scheduled task: Cerebrum reflection (0 3 * * 0)
[2026-07-16T09:35:42.265Z] [INFO] Scheduled task: AI suggestions (0 4 * * 1)
[2026-07-16T09:35:42.266Z] [INFO] File watcher started on .wolf/
[2026-07-16T09:35:42.266Z] [INFO] OpenWolf daemon started
[2026-07-16T09:35:42.266Z] [INFO] Dashboard server listening on port 18791
[2026-07-16T09:35:42.338Z] [INFO] Scheduled task: Full anatomy rescan (0 */6 * * *)
[2026-07-16T09:35:42.339Z] [INFO] Scheduled task: Consolidate old memory (0 2 * * *)
[2026-07-16T09:35:42.339Z] [INFO] Scheduled task: Token audit report (0 0 * * 1)
[2026-07-16T09:35:42.339Z] [INFO] Scheduled task: Cerebrum reflection (0 3 * * 0)
[2026-07-16T09:35:42.339Z] [INFO] Scheduled task: AI suggestions (0 4 * * 1)
[2026-07-16T09:35:42.340Z] [INFO] File watcher started on .wolf/
[2026-07-16T09:35:42.340Z] [INFO] OpenWolf daemon started
[2026-07-16T09:35:42.340Z] [INFO] Dashboard server listening on port 18791
[2026-07-16T09:35:42.411Z] [INFO] Scheduled task: Full anatomy rescan (0 */6 * * *)
[2026-07-16T09:35:42.411Z] [INFO] Scheduled task: Consolidate old memory (0 2 * * *)
[2026-07-16T09:35:42.412Z] [INFO] Scheduled task: Token audit report (0 0 * * 1)
[2026-07-16T09:35:42.412Z] [INFO] Scheduled task: Cerebrum reflection (0 3 * * 0)
[2026-07-16T09:35:42.412Z] [INFO] Scheduled task: AI suggestions (0 4 * * 1)
[2026-07-16T09:35:42.412Z] [INFO] File watcher started on .wolf/
[2026-07-16T09:35:42.413Z] [INFO] OpenWolf daemon started
[2026-07-16T09:35:42.413Z] [INFO] Dashboard server listening on port 18791
[2026-07-16T09:35:42.484Z] [INFO] Scheduled task: Full anatomy rescan (0 */6 * * *)
[2026-07-16T09:35:42.484Z] [INFO] Scheduled task: Consolidate old memory (0 2 * * *)
[2026-07-16T09:35:42.484Z] [INFO] Scheduled task: Token audit report (0 0 * * 1)
[2026-07-16T09:35:42.485Z] [INFO] Scheduled task: Cerebrum reflection (0 3 * * 0)
[2026-07-16T09:35:42.485Z] [INFO] Scheduled task: AI suggestions (0 4 * * 1)
[2026-07-16T09:35:42.485Z] [INFO] File watcher started on .wolf/
[2026-07-16T09:35:42.485Z] [INFO] OpenWolf daemon started
[2026-07-16T09:35:42.486Z] [INFO] Dashboard server listening on port 18791
